<?xml version="1.0" encoding="UTF-8"?>
<coverage generated="1619884970012" clover="3.2.0">
  <project timestamp="1619884970012" name="All files">
    <metrics statements="47" coveredstatements="33" conditionals="26" coveredconditionals="16" methods="5" coveredmethods="3" elements="78" coveredelements="52" complexity="0" loc="47" ncloc="47" packages="1" files="2" classes="2"/>
    <file name="1-linear-vs-binary.js" path="/Users/nickpapadakis/Desktop/ds-algorithms/DataStructuresAndAlgorithms-1/4-searching-algorithms/1-linear-vs-binary.js">
      <metrics statements="24" coveredstatements="10" conditionals="18" coveredconditionals="9" methods="3" coveredmethods="1"/>
      <line num="9" count="0" type="stmt"/>
      <line num="10" count="0" type="cond" truecount="0" falsecount="2"/>
      <line num="12" count="0" type="stmt"/>
      <line num="26" count="1" type="cond" truecount="2" falsecount="0"/>
      <line num="27" count="13" type="cond" truecount="2" falsecount="0"/>
      <line num="28" count="12" type="stmt"/>
      <line num="30" count="12" type="cond" truecount="2" falsecount="0"/>
      <line num="31" count="8" type="cond" truecount="2" falsecount="0"/>
      <line num="32" count="7" type="stmt"/>
      <line num="33" count="1" type="cond" truecount="1" falsecount="1"/>
      <line num="34" count="1" type="stmt"/>
      <line num="38" count="1" type="stmt"/>
      <line num="45" count="0" type="stmt"/>
      <line num="46" count="0" type="stmt"/>
      <line num="47" count="0" type="stmt"/>
      <line num="48" count="0" type="cond" truecount="0" falsecount="2"/>
      <line num="49" count="0" type="cond" truecount="0" falsecount="2"/>
      <line num="50" count="0" type="stmt"/>
      <line num="52" count="0" type="stmt"/>
      <line num="54" count="0" type="stmt"/>
      <line num="56" count="0" type="cond" truecount="0" falsecount="2"/>
      <line num="57" count="0" type="stmt"/>
      <line num="60" count="0" type="stmt"/>
      <line num="63" count="1" type="stmt"/>
    </file>
    <file name="2-naive-string-search.js" path="/Users/nickpapadakis/Desktop/ds-algorithms/DataStructuresAndAlgorithms-1/4-searching-algorithms/2-naive-string-search.js">
      <metrics statements="23" coveredstatements="23" conditionals="8" coveredconditionals="7" methods="2" coveredmethods="2"/>
      <line num="9" count="1" type="stmt"/>
      <line num="10" count="1" type="stmt"/>
      <line num="11" count="1" type="stmt"/>
      <line num="12" count="9" type="stmt"/>
      <line num="13" count="18" type="cond" truecount="2" falsecount="0"/>
      <line num="14" count="6" type="stmt"/>
      <line num="16" count="12" type="cond" truecount="2" falsecount="0"/>
      <line num="17" count="3" type="stmt"/>
      <line num="21" count="1" type="stmt"/>
      <line num="24" count="1" type="stmt"/>
      <line num="28" count="1" type="stmt"/>
      <line num="29" count="1" type="stmt"/>
      <line num="30" count="1" type="stmt"/>
      <line num="31" count="1" type="stmt"/>
      <line num="33" count="1" type="stmt"/>
      <line num="34" count="9" type="cond" truecount="1" falsecount="1"/>
      <line num="35" count="9" type="stmt"/>
      <line num="37" count="9" type="stmt"/>
      <line num="38" count="9" type="cond" truecount="2" falsecount="0"/>
      <line num="39" count="3" type="stmt"/>
      <line num="40" count="3" type="stmt"/>
      <line num="44" count="1" type="stmt"/>
      <line num="47" count="1" type="stmt"/>
    </file>
  </project>
</coverage>
