{"/Users/nickpapadakis/Desktop/ds-algorithms/DataStructuresAndAlgorithms-1/4-searching-algorithms/1-linear-vs-binary.js": {"path":"/Users/nickpapadakis/Desktop/ds-algorithms/DataStructuresAndAlgorithms-1/4-searching-algorithms/1-linear-vs-binary.js","statementMap":{"0":{"start":{"line":9,"column":2},"end":{"line":11,"column":3}},"1":{"start":{"line":9,"column":15},"end":{"line":9,"column":16}},"2":{"start":{"line":10,"column":6},"end":{"line":10,"column":40}},"3":{"start":{"line":10,"column":30},"end":{"line":10,"column":38}},"4":{"start":{"line":12,"column":2},"end":{"line":12,"column":12}},"5":{"start":{"line":26,"column":21},"end":{"line":36,"column":1}},"6":{"start":{"line":27,"column":4},"end":{"line":27,"column":30}},"7":{"start":{"line":27,"column":20},"end":{"line":27,"column":30}},"8":{"start":{"line":28,"column":14},"end":{"line":28,"column":43}},"9":{"start":{"line":30,"column":4},"end":{"line":30,"column":36}},"10":{"start":{"line":30,"column":25},"end":{"line":30,"column":36}},"11":{"start":{"line":31,"column":4},"end":{"line":35,"column":5}},"12":{"start":{"line":32,"column":8},"end":{"line":32,"column":52}},"13":{"start":{"line":33,"column":11},"end":{"line":35,"column":5}},"14":{"start":{"line":34,"column":8},"end":{"line":34,"column":53}},"15":{"start":{"line":38,"column":0},"end":{"line":38,"column":40}},"16":{"start":{"line":45,"column":16},"end":{"line":45,"column":17}},"17":{"start":{"line":46,"column":14},"end":{"line":46,"column":28}},"18":{"start":{"line":47,"column":17},"end":{"line":47,"column":46}},"19":{"start":{"line":48,"column":4},"end":{"line":55,"column":5}},"20":{"start":{"line":49,"column":8},"end":{"line":53,"column":9}},"21":{"start":{"line":50,"column":12},"end":{"line":50,"column":29}},"22":{"start":{"line":52,"column":12},"end":{"line":52,"column":31}},"23":{"start":{"line":54,"column":8},"end":{"line":54,"column":47}},"24":{"start":{"line":56,"column":4},"end":{"line":58,"column":5}},"25":{"start":{"line":57,"column":8},"end":{"line":57,"column":22}},"26":{"start":{"line":60,"column":4},"end":{"line":60,"column":14}},"27":{"start":{"line":63,"column":0},"end":{"line":66,"column":1}}},"fnMap":{"0":{"name":"linearSearch","decl":{"start":{"line":8,"column":9},"end":{"line":8,"column":21}},"loc":{"start":{"line":8,"column":33},"end":{"line":13,"column":1}},"line":8},"1":{"name":"(anonymous_1)","decl":{"start":{"line":26,"column":21},"end":{"line":26,"column":22}},"loc":{"start":{"line":26,"column":62},"end":{"line":36,"column":1}},"line":26},"2":{"name":"binarySearch2","decl":{"start":{"line":44,"column":11},"end":{"line":44,"column":24}},"loc":{"start":{"line":44,"column":38},"end":{"line":61,"column":1}},"line":44}},"branchMap":{"0":{"loc":{"start":{"line":10,"column":6},"end":{"line":10,"column":40}},"type":"if","locations":[{"start":{"line":10,"column":6},"end":{"line":10,"column":40}},{"start":{"line":10,"column":6},"end":{"line":10,"column":40}}],"line":10},"1":{"loc":{"start":{"line":26,"column":32},"end":{"line":26,"column":39}},"type":"default-arg","locations":[{"start":{"line":26,"column":38},"end":{"line":26,"column":39}}],"line":26},"2":{"loc":{"start":{"line":26,"column":41},"end":{"line":26,"column":57}},"type":"default-arg","locations":[{"start":{"line":26,"column":45},"end":{"line":26,"column":57}}],"line":26},"3":{"loc":{"start":{"line":27,"column":4},"end":{"line":27,"column":30}},"type":"if","locations":[{"start":{"line":27,"column":4},"end":{"line":27,"column":30}},{"start":{"line":27,"column":4},"end":{"line":27,"column":30}}],"line":27},"4":{"loc":{"start":{"line":30,"column":4},"end":{"line":30,"column":36}},"type":"if","locations":[{"start":{"line":30,"column":4},"end":{"line":30,"column":36}},{"start":{"line":30,"column":4},"end":{"line":30,"column":36}}],"line":30},"5":{"loc":{"start":{"line":31,"column":4},"end":{"line":35,"column":5}},"type":"if","locations":[{"start":{"line":31,"column":4},"end":{"line":35,"column":5}},{"start":{"line":31,"column":4},"end":{"line":35,"column":5}}],"line":31},"6":{"loc":{"start":{"line":33,"column":11},"end":{"line":35,"column":5}},"type":"if","locations":[{"start":{"line":33,"column":11},"end":{"line":35,"column":5}},{"start":{"line":33,"column":11},"end":{"line":35,"column":5}}],"line":33},"7":{"loc":{"start":{"line":48,"column":11},"end":{"line":48,"column":49}},"type":"binary-expr","locations":[{"start":{"line":48,"column":11},"end":{"line":48,"column":33}},{"start":{"line":48,"column":37},"end":{"line":48,"column":49}}],"line":48},"8":{"loc":{"start":{"line":49,"column":8},"end":{"line":53,"column":9}},"type":"if","locations":[{"start":{"line":49,"column":8},"end":{"line":53,"column":9}},{"start":{"line":49,"column":8},"end":{"line":53,"column":9}}],"line":49},"9":{"loc":{"start":{"line":56,"column":4},"end":{"line":58,"column":5}},"type":"if","locations":[{"start":{"line":56,"column":4},"end":{"line":58,"column":5}},{"start":{"line":56,"column":4},"end":{"line":58,"column":5}}],"line":56}},"s":{"0":0,"1":0,"2":0,"3":0,"4":0,"5":1,"6":13,"7":1,"8":12,"9":12,"10":4,"11":8,"12":7,"13":1,"14":1,"15":1,"16":0,"17":0,"18":0,"19":0,"20":0,"21":0,"22":0,"23":0,"24":0,"25":0,"26":0,"27":1},"f":{"0":0,"1":13,"2":0},"b":{"0":[0,0],"1":[5],"2":[5],"3":[1,12],"4":[4,8],"5":[7,1],"6":[1,0],"7":[0,0],"8":[0,0],"9":[0,0]},"_coverageSchema":"1a1c01bbd47fc00a2c39e90264f33305004495a9","hash":"f0c1f21fe028e57fd26bd62387d2dd1fcd2ac0cb"}
,"/Users/nickpapadakis/Desktop/ds-algorithms/DataStructuresAndAlgorithms-1/4-searching-algorithms/2-naive-string-search.js": {"path":"/Users/nickpapadakis/Desktop/ds-algorithms/DataStructuresAndAlgorithms-1/4-searching-algorithms/2-naive-string-search.js","statementMap":{"0":{"start":{"line":9,"column":30},"end":{"line":22,"column":1}},"1":{"start":{"line":10,"column":14},"end":{"line":10,"column":15}},"2":{"start":{"line":11,"column":2},"end":{"line":20,"column":3}},"3":{"start":{"line":11,"column":15},"end":{"line":11,"column":16}},"4":{"start":{"line":12,"column":4},"end":{"line":19,"column":5}},"5":{"start":{"line":12,"column":17},"end":{"line":12,"column":18}},"6":{"start":{"line":13,"column":6},"end":{"line":15,"column":7}},"7":{"start":{"line":14,"column":8},"end":{"line":14,"column":14}},"8":{"start":{"line":16,"column":6},"end":{"line":18,"column":7}},"9":{"start":{"line":17,"column":8},"end":{"line":17,"column":16}},"10":{"start":{"line":21,"column":2},"end":{"line":21,"column":15}},"11":{"start":{"line":24,"column":0},"end":{"line":24,"column":55}},"12":{"start":{"line":28,"column":27},"end":{"line":45,"column":1}},"13":{"start":{"line":29,"column":11},"end":{"line":29,"column":12}},"14":{"start":{"line":30,"column":11},"end":{"line":30,"column":12}},"15":{"start":{"line":31,"column":14},"end":{"line":31,"column":15}},"16":{"start":{"line":33,"column":2},"end":{"line":42,"column":29}},"17":{"start":{"line":34,"column":4},"end":{"line":36,"column":5}},"18":{"start":{"line":35,"column":6},"end":{"line":35,"column":11}},"19":{"start":{"line":37,"column":4},"end":{"line":37,"column":9}},"20":{"start":{"line":38,"column":4},"end":{"line":41,"column":5}},"21":{"start":{"line":39,"column":6},"end":{"line":39,"column":14}},"22":{"start":{"line":40,"column":6},"end":{"line":40,"column":13}},"23":{"start":{"line":44,"column":2},"end":{"line":44,"column":15}},"24":{"start":{"line":47,"column":0},"end":{"line":47,"column":51}}},"fnMap":{"0":{"name":"(anonymous_0)","decl":{"start":{"line":9,"column":30},"end":{"line":9,"column":31}},"loc":{"start":{"line":9,"column":46},"end":{"line":22,"column":1}},"line":9},"1":{"name":"(anonymous_1)","decl":{"start":{"line":28,"column":27},"end":{"line":28,"column":28}},"loc":{"start":{"line":28,"column":43},"end":{"line":45,"column":1}},"line":28}},"branchMap":{"0":{"loc":{"start":{"line":13,"column":6},"end":{"line":15,"column":7}},"type":"if","locations":[{"start":{"line":13,"column":6},"end":{"line":15,"column":7}},{"start":{"line":13,"column":6},"end":{"line":15,"column":7}}],"line":13},"1":{"loc":{"start":{"line":16,"column":6},"end":{"line":18,"column":7}},"type":"if","locations":[{"start":{"line":16,"column":6},"end":{"line":18,"column":7}},{"start":{"line":16,"column":6},"end":{"line":18,"column":7}}],"line":16},"2":{"loc":{"start":{"line":34,"column":4},"end":{"line":36,"column":5}},"type":"if","locations":[{"start":{"line":34,"column":4},"end":{"line":36,"column":5}},{"start":{"line":34,"column":4},"end":{"line":36,"column":5}}],"line":34},"3":{"loc":{"start":{"line":38,"column":4},"end":{"line":41,"column":5}},"type":"if","locations":[{"start":{"line":38,"column":4},"end":{"line":41,"column":5}},{"start":{"line":38,"column":4},"end":{"line":41,"column":5}}],"line":38}},"s":{"0":1,"1":1,"2":1,"3":1,"4":9,"5":9,"6":18,"7":6,"8":12,"9":3,"10":1,"11":1,"12":1,"13":1,"14":1,"15":1,"16":1,"17":9,"18":9,"19":9,"20":9,"21":3,"22":3,"23":1,"24":1},"f":{"0":1,"1":1},"b":{"0":[6,12],"1":[3,9],"2":[9,0],"3":[3,6]},"_coverageSchema":"1a1c01bbd47fc00a2c39e90264f33305004495a9","hash":"1ae3e34b4cece4cca97c0da74e8a13c60ed67501"}
}
