TN:
SF:4-searching-algorithms/1-linear-vs-binary.js
FN:8,linearSearch
FN:26,(anonymous_1)
FN:44,binarySearch2
FNF:3
FNH:1
FNDA:0,linearSearch
FNDA:13,(anonymous_1)
FNDA:0,binarySearch2
DA:9,0
DA:10,0
DA:12,0
DA:26,1
DA:27,13
DA:28,12
DA:30,12
DA:31,8
DA:32,7
DA:33,1
DA:34,1
DA:38,1
DA:45,0
DA:46,0
DA:47,0
DA:48,0
DA:49,0
DA:50,0
DA:52,0
DA:54,0
DA:56,0
DA:57,0
DA:60,0
DA:63,1
LF:24
LH:10
BRDA:10,0,0,0
BRDA:10,0,1,0
BRDA:26,1,0,5
BRDA:26,2,0,5
BRDA:27,3,0,1
BRDA:27,3,1,12
BRDA:30,4,0,4
BRDA:30,4,1,8
BRDA:31,5,0,7
BRDA:31,5,1,1
BRDA:33,6,0,1
BRDA:33,6,1,0
BRDA:48,7,0,0
BRDA:48,7,1,0
BRDA:49,8,0,0
BRDA:49,8,1,0
BRDA:56,9,0,0
BRDA:56,9,1,0
BRF:18
BRH:9
end_of_record
TN:
SF:4-searching-algorithms/2-naive-string-search.js
FN:9,(anonymous_0)
FN:28,(anonymous_1)
FNF:2
FNH:2
FNDA:1,(anonymous_0)
FNDA:1,(anonymous_1)
DA:9,1
DA:10,1
DA:11,1
DA:12,9
DA:13,18
DA:14,6
DA:16,12
DA:17,3
DA:21,1
DA:24,1
DA:28,1
DA:29,1
DA:30,1
DA:31,1
DA:33,1
DA:34,9
DA:35,9
DA:37,9
DA:38,9
DA:39,3
DA:40,3
DA:44,1
DA:47,1
LF:23
LH:23
BRDA:13,0,0,6
BRDA:13,0,1,12
BRDA:16,1,0,3
BRDA:16,1,1,9
BRDA:34,2,0,9
BRDA:34,2,1,0
BRDA:38,3,0,3
BRDA:38,3,1,6
BRF:8
BRH:7
end_of_record
